00:00:00.001586 main     VirtualBox XPCOM Server 6.0.10 r132055 linux.amd64 (Jul 16 2019 13:49:20) release log
00:00:00.001588 main     Log opened 2019-11-19T08:06:19.141081000Z
00:00:00.001588 main     Build Type: release
00:00:00.001589 main     OS Product: Linux
00:00:00.001590 main     OS Release: 5.2.11-arch1-1-ARCH
00:00:00.001590 main     OS Version: #1 SMP PREEMPT Thu Aug 29 08:09:36 UTC 2019
00:00:00.001602 main     DMI Product Name: Precision 3530
00:00:00.001606 main     DMI Product Version: 
00:00:00.001622 main     Host RAM: 15830MB (15.4GB) total, 14953MB (14.6GB) available
00:00:00.001623 main     Executable: /usr/lib/virtualbox/VBoxSVC
00:00:00.001624 main     Process ID: 12966
00:00:00.001624 main     Package type: LINUX_64BITS_GENERIC (OSE)
00:00:00.002502 main     IPC socket path: /tmp/.vbox-gmk-ipc/ipcd
00:00:00.107297 nspr-2   VirtualBox: object creation starts
00:00:00.107435 nspr-2   Home directory: '/home/gmk/.config/VirtualBox'
00:00:00.107727 nspr-2   Loading settings file "/home/gmk/.config/VirtualBox/VirtualBox.xml" with version "1.12-linux"
00:00:00.115777 nspr-2   NetIfAdpCtlOut: VBoxNetAdpCtl: Error while retrieving link speed for wlo1: VBoxNetAdpCtl: ioctl failed: Operation not supported
00:00:00.116099 nspr-2   NAT: resolv.conf: nameserver 192.168.0.1
00:00:00.116108 nspr-2   HostDnsMonitor::updateInfo
00:00:00.116114 nspr-2   HostDnsMonitor: old information
00:00:00.116116 nspr-2     no server entries
00:00:00.116117 nspr-2     no domain set
00:00:00.116118 nspr-2     no search string entries
00:00:00.116120 nspr-2   HostDnsMonitor: new information
00:00:00.116121 nspr-2     server 1: 192.168.0.1
00:00:00.116122 nspr-2     no domain set
00:00:00.116124 nspr-2     no search string entries
00:00:00.118038 nspr-2   VD: VDInit finished with VINF_SUCCESS
00:00:00.120435 nspr-2   Loading settings file "/home/gmk/VirtualBox VMs/Windows 7/Windows 7.vbox" with version "1.15-linux"
00:00:00.120724 nspr-2   Loading settings file "/home/gmk/VirtualBox VMs/CentOS/CentOS.vbox" with version "1.16-linux"
00:00:00.120929 nspr-2   Loading settings file "/home/gmk/VirtualBox VMs/nezuko/nezuko.vbox" with version "1.16-linux"
00:00:00.121326 nspr-2   OCI: Local config file '/home/gmk/.config/VirtualBox/oci_config' does not exist
00:00:00.121332 nspr-2   OCI: Original config file '/home/gmk/.oci/config' does not exist
00:00:00.121334 nspr-2   OCI: Reading profiles finished with status NS_OK
00:00:00.121337 nspr-2   ExtPack: Created cloud provider 'OCI' (hrc=NS_OK)
00:00:00.121344 nspr-2   VirtualBox: object created
00:00:00.370088 nspr-3   WARNING [COM]: aRC=NS_ERROR_FAILURE (0x80004005) aIID={dbe11e5f-7f10-46e7-94c4-1e95bf4b6627} aComponent={HostWrap} aText={VirtualBox is not currently allowed to access USB devices.  You can change this by adding your user to the 'vboxusers' group.  Please see the user manual for a more detailed explanation}, preserve=true  aResultDetail=0
00:00:00.456902 nspr-4   WARNING [COM]: aRC=NS_ERROR_FAILURE (0x80004005) aIID={dbe11e5f-7f10-46e7-94c4-1e95bf4b6627} aComponent={HostWrap} aText={VirtualBox is not currently allowed to access USB devices.  You can change this by adding your user to the 'vboxusers' group.  Please see the user manual for a more detailed explanation}, preserve=true  aResultDetail=0
00:00:00.457715 nspr-4   WARNING [COM]: aRC=NS_ERROR_FAILURE (0x80004005) aIID={dbe11e5f-7f10-46e7-94c4-1e95bf4b6627} aComponent={HostWrap} aText={VirtualBox is not currently allowed to access USB devices.  You can change this by adding your user to the 'vboxusers' group.  Please see the user manual for a more detailed explanation}, preserve=true  aResultDetail=0
00:00:02.914345 nspr-4   Saving settings file "/home/gmk/.config/VirtualBox/VirtualBox.xml" with version "1.12-linux"
00:00:02.919781 nspr-4   Saving settings file "/home/gmk/.config/VirtualBox/VirtualBox.xml" with version "1.12-linux"
00:00:02.926683 nspr-3   Saving settings file "/home/gmk/.config/VirtualBox/VirtualBox.xml" with version "1.12-linux"
00:00:02.930494 nspr-4   Saving settings file "/home/gmk/.config/VirtualBox/VirtualBox.xml" with version "1.12-linux"
00:00:08.447874 main     VirtualBox: object deletion starts
00:00:08.447948 main     ERROR [COM]: aRC=VBOX_E_OBJECT_IN_USE (0x80bb000c) aIID={ad47ad09-787b-44ab-b343-a082a3f2dfb1} aComponent={MediumWrap} aText={Medium '/home/gmk/VirtualBox VMs/Windows 7/Windows 7.vdi' cannot be closed because it is still attached to 1 virtual machines}, preserve=false aResultDetail=0
00:00:08.448192 main     ERROR [COM]: aRC=VBOX_E_OBJECT_IN_USE (0x80bb000c) aIID={ad47ad09-787b-44ab-b343-a082a3f2dfb1} aComponent={MediumWrap} aText={Medium '/home/gmk/VirtualBox VMs/CentOS/CentOS.vdi' cannot be closed because it is still attached to 1 virtual machines}, preserve=false aResultDetail=0
00:00:08.448398 main     ERROR [COM]: aRC=VBOX_E_OBJECT_IN_USE (0x80bb000c) aIID={ad47ad09-787b-44ab-b343-a082a3f2dfb1} aComponent={MediumWrap} aText={Medium '/home/gmk/VirtualBox VMs/nezuko/nezukochan-disk001.vdi' cannot be closed because it is still attached to 1 virtual machines}, preserve=false aResultDetail=0
00:00:08.627168 Watcher  ERROR [COM]: aRC=E_ACCESSDENIED (0x80070005) aIID={d0a0163f-e254-4e5b-a1f2-011cf991c38d} aComponent={VirtualBoxWrap} aText={The object is not ready}, preserve=false aResultDetail=0
00:00:13.449610 main     {00007f064c018da0} HostPowerServiceLinux::~HostPowerServiceLinux: RTThreadWait() for 5000 ms failed with VERR_TIMEOUT
00:00:13.450642 main     VirtualBox: object deleted
