Image C=1,I=483
The max ELI is 52075220.000000
   Line   grad    leng    kurv    eli
      1  1.610 272.985  0.2173  0.345
      2  1.443  54.143  0.1954  0.014
      3  1.577 409.335  0.1651  1.000
      4  1.598 164.659  0.1711  0.158
      5  2.595 105.657  0.2034  0.089
      6  1.579  69.064  0.4062  0.012
      7  0.624  11.480  0.5251  0.000
      8  0.402   0.000  0.0000  0.000
      9  0.496   3.640  0.0000  0.000
     10  0.527  15.990  0.1104  0.001
     11  1.019   3.202  0.0000  0.000
     13  1.439   0.000  0.0000  0.000
     14  0.627   0.000  0.0000  0.000
     15  0.917  29.859  0.1492  0.003
     16  1.055  31.224  0.1569  0.004
     17  0.471   0.000  0.0000  0.000
     18  1.303   3.289  0.0000  0.000
     20  0.829  61.863  0.2214  0.009
     21  1.434   2.833  0.0000  0.000
     22  0.456   6.811  0.1760  0.000
     23  0.603  15.632  0.1760  0.001
     24  1.788   0.000  0.0000  0.000
     25  1.230  41.939  0.3084  0.004
     27  1.000  11.757  0.4323  0.000
     28  0.378  10.829  0.0468  0.001
     29  1.445   7.159  0.1573  0.000
     30  0.757  71.452  0.1510  0.016
     32  0.500   6.737  0.0543  0.000
     33  0.492   0.000  0.0000  0.000
     35  0.400   0.000  0.0000  0.000
     37  1.448  45.120  0.2065  0.009
     38  0.459   0.000  0.0000  0.000
Image C=65,I=687
The max ELI is 5951498.000000
   Line   grad    leng    kurv    eli
      1  0.861 101.758  0.2912  0.266
      2  1.128  54.350  0.2655  0.109
      3  0.921  43.881  0.2322  0.066
      4  1.117 109.781  0.3151  0.371
      5  1.545  45.655  0.3669  0.076
      6  0.475  20.573  0.3275  0.005
     10  1.000  63.712  0.4045  0.087
     11  1.492   9.105  0.2099  0.005
     13  1.000  16.807  0.5361  0.005
     14  0.677  13.608  0.3061  0.004
     15  1.281 139.923  0.2179  1.000
     16  1.052  35.421  0.2444  0.047
     17  1.588  13.888  0.3934  0.007
     18  1.456  31.675  0.6001  0.021
     21  0.889   0.000  0.0000  0.000
     22  0.554  36.274  0.4162  0.015
     23  1.534  34.355  0.5423  0.029
     24  0.828   8.449  0.2520  0.002
     25  0.478   7.915  0.1007  0.003
     26  0.682   9.910  0.7901  0.001
     28  0.735   9.981  0.2160  0.003
     29  0.687  26.052  0.6170  0.007
     30  1.004  83.318  0.3740  0.162
     31  0.551  22.362  0.2884  0.008
     32  1.283  21.215  0.3996  0.013
     33  0.735   9.155  0.1665  0.003
     34  0.855  13.570  0.1138  0.012
     35  1.349  21.149  0.3020  0.017
     36  0.634  29.025  0.2614  0.018
     37  0.437   3.606  0.0000  0.001
     39  1.163 116.317  0.3694  0.370
     40  0.767   5.000  0.0000  0.000
     41  1.212  23.372  0.4988  0.012
     42  0.474  16.932  0.2979  0.004
     43  1.091   9.353  0.2244  0.004
     44  1.369  91.341  0.3841  0.258
     45  1.285  19.972  0.3328  0.013
     46  1.092  48.148  0.3177  0.069
     47  0.764  15.478  0.2758  0.006
     48  0.780  62.846  0.3054  0.088
     49  1.086  22.848  0.1553  0.032
     50  0.929  26.069  0.2410  0.023
     51  0.687  42.706  0.1310  0.083
     52  1.066  33.124  0.2896  0.035
     54  0.484   2.693  0.0000  0.000
     55  1.371   8.819  0.1725  0.005
     56  0.594   2.981  0.0000  0.001
     57  1.637 124.412  0.2809  0.784
     58  1.459   6.402  0.1851  0.003
     60  1.011  24.363  0.4896  0.011
     61  0.536  40.343  0.3363  0.023
     62  1.232  36.444  0.3510  0.041
     63  1.269  27.150  0.3954  0.021
     65  0.702   7.605  0.0666  0.005
     66  0.604   8.397  0.2848  0.001
     67  1.638  13.852  0.2660  0.010
     68  0.989   2.850  0.0000  0.001
     69  0.912  72.248  0.3646  0.114
     70  1.130   5.280  0.0950  0.003
     71  1.367   6.565  0.1433  0.004
     72  0.515   5.296  0.3017  0.000
     74  0.964  15.477  0.5455  0.004
     75  0.553   6.601  0.0000  0.003
     76  0.644   2.867  0.0000  0.001
     78  0.891   5.850  0.0000  0.004
     80  1.293  12.682  0.1180  0.015
     81  1.196  13.018  0.3192  0.006
     82  1.366  33.866  0.3424  0.040
     84  1.089   8.520  0.7041  0.001
     85  1.988  39.801  0.2701  0.101
     86  0.932  13.477  0.0949  0.015
     87  0.706   7.707  0.1048  0.003
     88  1.569   6.022  0.0974  0.005
     89  0.634  24.828  0.1956  0.017
     93  0.449  22.450  0.6013  0.003
     94  0.482  13.211  0.2935  0.002
     95  1.997   6.123  0.0870  0.007
     97  0.738  11.861  0.2049  0.004
     98  3.525  26.000  0.0000  0.000
     99  3.467  26.500  0.0000  0.000
Image C=18,I=45
The max ELI is 60772624.000000
   Line   grad    leng    kurv    eli
      1  2.987 230.760  0.2444  0.541
      2  0.729  72.194  0.1821  0.017
      3  0.712  43.367  0.1955  0.006
      4  0.466  51.806  0.2029  0.005
      5  0.657 111.474  0.1178  0.058
      6  1.048 120.333  0.0673  0.187
      7  0.452  68.273  0.2321  0.008
      8  0.448   4.123  0.0000  0.000
      9  0.782  12.303  0.0000  0.005
     10  0.834  43.022  0.1001  0.013
     12  1.390  33.630  0.3406  0.004
     13  2.748 266.696  0.2287  0.710
     14  1.346  22.208  0.1650  0.003
     15  1.332 101.137  0.1900  0.060
     16  2.921 245.953  0.2503  0.586
     17  0.666 104.810  0.2178  0.028
     18  0.509  10.500  0.0197  0.000
     19  2.491 315.675  0.2062  1.000
     20  1.203  29.266  0.2915  0.003
     21  2.021   5.824  0.0813  0.001
     22  0.382  15.123  0.0932  0.001
     23  0.837  12.623  0.0762  0.001
     24  2.272   6.227  0.1537  0.000
     25  0.212  48.949  0.1484  0.003
     26  2.557   3.010  0.0000  0.001
     29  3.348  48.249  0.3356  0.019
     30  1.126  51.479  0.2210  0.011
     31  0.764  24.791  0.1528  0.003
     32  0.589  13.824  0.0981  0.001
     33  0.257   0.000  0.0000  0.000
     34  1.134  53.219  0.1890  0.014
     35  0.619   8.490  0.2667  0.000
     37  0.300   6.000  0.0910  0.000
     38  0.206  38.461  0.1601  0.002
     39  3.284  67.231  0.2649  0.047
     40  3.393  71.365  0.1424  0.101
     41  0.353  13.010  0.1814  0.000
     42  0.693  51.007  0.2871  0.005
     43  0.774   5.894  0.1028  0.000
     44  1.962   8.824  0.3755  0.000
     45  0.420  33.136  0.3466  0.001
     46  2.076   3.250  0.0000  0.001
     47  2.230  45.120  0.3274  0.012
     48  3.450  56.483  0.2349  0.039
     49  0.611   3.561  0.0000  0.000
     51  1.477   9.000  0.0000  0.005
     52  1.000   8.000  0.0000  0.003
     53  2.521   0.000  0.0000  0.000
     54  1.949   7.036  0.0875  0.001
     55  1.839   3.848  0.0000  0.001
     57  0.743   6.976  0.2298  0.000
     59  2.063   6.500  0.0000  0.000
     60  0.659   6.479  0.0207  0.001
     61  0.329   7.878  0.5954  0.000
     62  1.645   2.967  0.0000  0.001
     63  1.036   0.000  0.0000  0.000
     65  0.889  22.456  0.3016  0.001
Image C=17,I=22
The max ELI is 122661928.000000
   Line   grad    leng    kurv    eli
      1  2.768 222.934  0.2108  0.129
      2  0.757   9.795  0.2398  0.000
      3  0.969  18.911  0.2172  0.000
      4  0.848  94.091  0.2965  0.005
      5  1.343 170.784  0.2056  0.038
      6  0.791  35.853  0.2970  0.001
      8  0.927  27.322  0.3070  0.000
      9  3.807  16.568  0.5325  0.000
     10  2.314  23.151  0.5910  0.000
     11  0.735  80.228  0.2391  0.004
     12  1.892  22.605  0.5265  0.000
     14  2.401  49.917  0.3696  0.003
     15  2.952 166.424  0.2402  0.067
     16  0.838  19.560  0.2913  0.000
     17  0.988   3.717  0.0000  0.000
     18  1.241  90.168  0.1998  0.010
     19  0.701 171.268  0.1531  0.027
     20  2.369  32.178  0.5989  0.001
     21  0.785  52.134  0.3380  0.001
     22  1.615 130.009  0.2131  0.025
     23  0.746  50.774  0.5182  0.001
     24  2.723 563.663  0.1708  1.000
     25  1.321  71.498  0.2458  0.005
     26  1.792  28.509  0.4410  0.001
     27  1.015   8.199  0.0290  0.000
     28  0.615   2.522  0.0000  0.000
     29  0.688  25.619  0.2274  0.000
     30  0.961  40.824  0.3424  0.001
     31  1.000  16.296  0.2230  0.000
     32  2.102  14.546  0.4934  0.000
     35  0.223   6.661  0.1147  0.000
     36  2.459  22.143  0.4587  0.001
     37  1.050  17.031  0.1989  0.000
     38  1.986  18.890  0.2197  0.001
     39  1.570  41.897  0.2517  0.002
     42  0.430   6.151  0.0540  0.000
     43  1.105  29.445  0.3299  0.001
     44  2.531  25.447  0.5989  0.001
     45  0.622   3.640  0.0000  0.000
     47  2.410  20.229  0.6061  0.000
     48  0.626  49.417  0.3713  0.001
     49  0.496  58.394  0.1478  0.002
     50  0.775   9.508  0.2151  0.000
     51  0.552   0.000  0.0000  0.000
     52  0.712  33.206  0.3458  0.000
     53  0.000   3.543  0.0000  0.000
     54  0.618   7.741  0.4099  0.000
     55  2.711  27.189  0.7347  0.001
     56  1.431   0.000  0.0000  0.000
     58  0.418   6.098  0.3970  0.000
     59  3.032  14.942  0.2685  0.000
     60  1.820  10.033  0.0377  0.001
     61  2.119  24.779  0.5112  0.001
     62  1.230  63.820  0.1696  0.006
     64  1.428  10.024  0.2433  0.000
     67  1.082  58.078  0.1620  0.004
     68  2.548   3.400  0.0000  0.000
     69  0.856   6.998  0.0686  0.000
     70  2.497  10.428  0.8006  0.000
     71  2.002  15.665  0.2488  0.000
     72  1.805  85.955  0.1536  0.017
     73  0.705  24.967  0.3895  0.000
     74  3.309  20.469  0.5237  0.001
     75  0.934  46.248  0.3538  0.001
     76  1.770   4.264  0.3874  0.000
     78  2.973   6.724  0.0430  0.001
     79  0.306   8.681  0.1962  0.000
     81  0.548  50.237  0.4425  0.001
     82  1.455  51.321  0.1827  0.004
     83  1.583   8.218  0.1535  0.000
     84  0.875  44.505  0.2656  0.001
     85  0.743  41.434  0.4029  0.001
     86  0.705  24.362  0.3257  0.000
     87  0.667  53.667  0.1459  0.003
     88  0.669  37.422  0.3426  0.001
     89  0.939  80.065  0.2081  0.006
     90  0.523  23.263  0.1400  0.000
     91  0.979  61.799  0.1891  0.004
     92  0.720  36.516  0.1772  0.001
     93  0.613   0.000  0.0000  0.000
     95  3.795  13.799  0.5318  0.000
     96  0.383   0.000  0.0000  0.000
     97  0.858   8.497  0.0512  0.000
     98  0.581   0.000  0.0000  0.000
     99  1.832  16.421  0.2229  0.000
    100  1.792  13.309  0.1258  0.000
Image C=47,I=3
The max ELI is 13957982.000000
   Line   grad    leng    kurv    eli
      1  1.270 147.157  0.3355  0.268
      2  1.264  54.673  0.2003  0.062
      3  0.536  10.952  0.2244  0.001
      4  1.030  16.964  0.3019  0.003
      5  0.975  16.197  0.3912  0.002
      6  1.217  26.910  0.2842  0.010
      7  0.909  31.979  0.3913  0.008
      8  1.111  95.330  0.3016  0.110
      9  1.002  15.758  0.3004  0.003
     10  0.998  42.025  0.1263  0.046
     11  1.095  52.256  0.1525  0.064
     12  1.153  41.358  0.3656  0.018
     13  1.502  19.911  0.5088  0.004
     14  0.952  18.610  0.3606  0.003
     15  1.049  34.348  0.4592  0.009
     16  1.023  27.972  0.2310  0.011
     17  0.956  15.302  0.4209  0.002
     18  0.973  81.954  0.1772  0.121
     19  1.185  18.013  0.2263  0.006
     20  0.000   0.000  0.0000  0.000
     21  1.039 130.965  0.2849  0.205
     22  0.667  10.438  0.0505  0.005
     23  1.253  55.391  0.3539  0.036
     24  0.810   4.123  0.0000  0.002
     25  0.852   7.428  0.0436  0.004
     26  0.951  19.190  0.3232  0.004
     27  1.522   7.076  0.2118  0.001
     28  1.811   6.766  0.1160  0.002
     29  1.332  21.956  0.4017  0.005
     30  1.028   6.696  0.0103  0.006
     31  1.611  10.864  0.2753  0.002
     33  0.846   6.002  0.0000  0.004
     34  0.895  10.419  0.2802  0.001
     35  1.073  11.073  0.2617  0.002
     36  0.834   9.278  0.0570  0.004
     37  0.502   2.953  0.0000  0.001
     38  1.353  42.153  0.3255  0.024
     39  1.250  19.081  0.2953  0.005
     40  0.748  10.191  0.2430  0.001
     41  0.796  29.305  0.1669  0.013
     42  1.037  15.724  0.2563  0.003
     43  1.027  26.977  0.3067  0.008
     44  0.896 109.550  0.2880  0.122
     45  0.724   6.679  0.2556  0.000
     46  0.920   4.031  0.0000  0.002
     48  0.689   9.845  0.0904  0.002
     50  0.607  19.153  0.2666  0.003
     51  0.708  61.595  0.3747  0.023
     52  0.000   7.846  0.1010  0.000
     53  1.483   2.967  0.0000  0.002
     54  1.565  18.982  0.6085  0.003
     55  0.827   6.884  0.0515  0.002
     56  1.015  91.859  0.3242  0.086
     57  1.706  15.599  0.1092  0.012
     58  1.980  20.578  0.4936  0.006
     59  0.899  21.443  0.3284  0.004
     60  1.171  21.403  0.3105  0.006
     62  0.443  18.156  0.4855  0.001
     63  0.484   3.202  0.0000  0.001
     64  0.969  15.170  0.1324  0.006
     65  1.107  22.407  0.3839  0.005
     66  1.610  11.103  0.0829  0.008
     67  1.303  18.537  0.4932  0.003
     68  0.698   7.457  0.3066  0.000
     70  2.113   5.334  0.4266  0.000
     71  0.632   7.367  0.0000  0.005
     73  1.928   6.801  0.0516  0.006
     74  0.752   9.925  0.1942  0.001
     75  0.726  13.404  0.4129  0.001
     76  1.212  64.605  0.1689  0.098
     77  0.582   5.592  0.0605  0.001
     78  0.794  75.860  0.4227  0.035
     79  1.165  14.778  0.1728  0.005
     81  0.478   3.005  0.0000  0.001
     82  1.243  40.302  0.2814  0.023
     83  0.781   9.811  0.1026  0.002
     84  1.412   7.201  0.0000  0.010
     85  2.034  10.293  0.1840  0.004
     86  1.162  25.207  0.3685  0.007
     87  1.319   8.278  0.1734  0.002
     88  1.055  13.543  0.1926  0.003
     90  0.939   7.272  0.0699  0.002
     92  1.326  65.602  0.2924  0.064
     95  1.253  22.910  0.3610  0.006
     96  0.593   4.904  0.1905  0.000
     97  0.674   5.389  0.1464  0.000
     98  1.310  66.181  0.2371  0.079
     99  0.873  53.002  0.3222  0.025
    100  1.181  51.722  0.4915  0.021
    101  1.124   7.613  0.1593  0.001
    102  1.221   9.284  0.5443  0.001
    103  0.836   9.734  0.2100  0.001
    104  1.624   9.951  0.1828  0.003
    105  0.865  13.173  0.4639  0.001
    106  1.212   4.121  0.1851  0.000
    107  0.424   6.473  0.0962  0.001
    108  0.838  44.750  0.3864  0.014
    109  0.892  14.885  0.1914  0.003
    110  1.495   5.443  0.2825  0.001
    111  1.225   2.749  0.0000  0.001
    112  1.451  37.628  0.3777  0.018
    113  1.142   6.247  0.1524  0.001
    114  1.168  22.097  0.1930  0.010
    115  0.417   5.336  0.0000  0.002
    116  1.039   0.000  0.0000  0.000
    117  0.885  15.652  0.3735  0.002
    118  1.298  50.963  0.3507  0.031
    119  0.916  14.284  0.2530  0.002
    120  0.558  43.382  0.3139  0.011
    121  0.759  15.752  0.1468  0.004
    123  1.094   6.939  0.0245  0.007
    125  1.078  34.444  0.3907  0.011
    126  0.874  16.631  0.1535  0.005
    127  0.895  10.844  0.2376  0.001
    128  0.680   7.919  0.0875  0.002
    129  0.732   7.936  0.0807  0.002
    131  1.067   9.354  0.0461  0.007
    132  0.641   8.354  0.0000  0.006
    133  0.627  12.145  0.1884  0.002
    134  1.289  13.230  0.2162  0.003
    135  1.407  10.346  0.7104  0.001
    137  0.949   4.690  0.3366  0.000
    138  1.298  13.056  0.1829  0.004
    139  0.327   4.877  0.0960  0.000
    140  1.418  47.949  0.2676  0.040
    141  0.981  40.702  0.2565  0.021
    142  1.108  17.524  0.2986  0.004
    143  1.454   9.864  0.1802  0.003
    144  1.201   7.861  0.2510  0.001
    145  1.156   7.632  0.1265  0.002
    146  1.089   7.603  0.1010  0.002
    147  0.923  18.753  0.2137  0.005
    148  1.266  59.071  0.3705  0.039
    150  1.178  11.630  0.3834  0.001
    151  0.482   6.782  0.0716  0.001
    152  0.560  13.994  0.1633  0.002
    153  1.218  11.664  0.5161  0.001
    154  1.456   9.101  0.2842  0.001
    155  0.806  15.364  0.5047  0.001
    156  0.779   6.850  0.0000  0.005
    157  1.250  20.389  0.4008  0.004
    158  1.392  40.611  0.3975  0.019
    159  0.934   7.829  0.2127  0.001
    160  0.854   8.685  0.7050  0.000
    161  0.980   7.006  0.0000  0.006
    163  2.169  79.868  0.3697  0.122
    164  1.655  52.452  0.1943  0.077
    165  2.450 134.494  0.2153  0.673
    166  1.026  51.657  0.2962  0.030
    167  0.923   7.984  0.2206  0.001
    168  0.837   5.958  0.1676  0.001
    169  0.710   2.236  0.0000  0.000
    170  0.669   6.768  0.1388  0.001
    171  0.538   6.166  0.2486  0.000
    172  0.548   8.409  0.0796  0.002
    173  1.283  12.245  0.3284  0.002
    174  0.765   6.842  0.1639  0.001
    175  1.421   0.000  0.0000  0.000
    176  1.235  12.585  0.3659  0.002
    178  1.364   0.000  0.0000  0.000
    179  0.667  14.986  0.4309  0.001
    180  0.945  17.866  0.4179  0.002
    181  1.545   5.001  0.3614  0.000
    182  0.881   6.219  0.1896  0.001
    183  0.890   5.284  0.3702  0.000
    184  1.458 173.538  0.2387  0.602
    185  2.421 173.249  0.2377  1.000
    186  0.910  21.772  0.1603  0.009
    188  0.919   5.842  0.0000  0.004
    189  1.879  10.954  0.0566  0.013
    190  1.222  14.292  0.3199  0.003
    191  0.678  18.039  0.3939  0.002
    192  0.547   4.031  0.0000  0.001
    193  0.691   6.639  0.2204  0.000
    195  0.782  10.011  0.1050  0.002
    196  0.816   7.372  0.0474  0.003
    197  0.401  10.449  0.2024  0.001
    198  1.031   3.940  0.0000  0.002
    199  0.000   0.000  0.0000  0.000
    200  0.966  31.200  0.1526  0.020
    202  1.096  42.223  0.3409  0.019
    203  0.696   5.193  0.0000  0.003
    204  1.977   3.283  0.0000  0.003
    205  0.548   6.162  0.0000  0.003
    206  0.531   3.184  0.0000  0.001
    207  1.113   8.505  0.2304  0.001
    209  1.000  15.598  0.1768  0.005
    210  0.824   6.061  0.0000  0.004
    211  0.934  14.499  0.4957  0.001
    213  1.083  47.925  0.3278  0.025
    214  0.925   4.171  0.1858  0.000
    216  0.000   8.189  0.2287  0.000
    217  1.154  15.049  0.1731  0.005
    218  0.861  16.196  0.0503  0.015
    219  0.635   7.645  0.0428  0.003
    220  0.542   5.759  0.0880  0.001
    221  0.734   2.594  0.0000  0.001
    222  1.203   9.908  0.1921  0.002
    223  0.992  23.104  0.3482  0.005
    224  1.553  14.397  0.1333  0.008
    225  0.635   5.500  0.1399  0.000
    226  1.120  21.556  0.2429  0.007
    228  0.613  30.820  0.2981  0.006
    231  1.123  11.072  0.4177  0.001
    232  0.642   3.138  0.0000  0.001
    233  1.110  21.569  0.1634  0.010
    234  1.261   7.115  0.1227  0.002
    235  1.208  13.465  0.2937  0.002
    236  1.139   3.333  0.0000  0.002
    237  0.574   7.440  0.1662  0.001
    238  1.395  14.146  0.3110  0.003
    240  1.539  13.948  0.1669  0.006
    242  0.930   5.712  0.1086  0.001
    243  1.064   4.191  0.3903  0.000
    245  0.858  12.499  0.3716  0.001
    246  0.770  14.550  0.2602  0.002
    247  1.099  10.802  0.2804  0.001
    248  0.216   0.000  0.0000  0.000
    249  0.745  37.706  0.2922  0.012
    250  1.535  26.692  0.1292  0.028
    251  0.786  13.031  0.3862  0.001
    253  0.678  16.984  0.2787  0.002
    254  1.063   7.142  0.0814  0.002
    255  1.593  29.330  0.2902  0.015
    256  1.375   7.142  0.2582  0.001
    258  0.903   4.966  0.0444  0.002
    259  1.285   2.587  0.0000  0.001
    260  1.856  21.656  0.1807  0.016
    261  2.256   0.000  0.0000  0.000
    263  0.809  20.610  0.5948  0.002
    264  1.243  19.908  0.2729  0.006
    265  1.232   8.074  0.1229  0.002
    267  2.639   8.312  0.2132  0.003
    268  0.915   7.908  0.0001  0.008
    269  0.821  10.357  0.0541  0.005
    270  2.365  93.563  0.3353  0.202
    272  0.833   3.333  0.0000  0.001
    273  0.606  11.589  0.4116  0.001
    274  1.774   8.715  0.4848  0.001
    275  3.110   9.930  0.0733  0.014
    276  0.819   7.567  0.0000  0.006
    278  1.238   0.000  0.0000  0.000
    279  1.190   0.000  0.0000  0.000
    280  0.313   2.500  0.0000  0.000
    281  0.946  14.041  0.1030  0.006
    283  2.332  88.004  0.1531  0.386
    284  0.000   6.865  0.0803  0.000
    286  0.533   0.000  0.0000  0.000
    287  1.541  12.406  0.1400  0.006
    288  0.822   0.000  0.0000  0.000
Image C=21,I=18
The max ELI is 29919312.000000
   Line   grad    leng    kurv    eli
      1  0.722  10.548  0.6705  0.000
      2  2.922 138.892  0.2793  0.235
      3  1.414  31.900  0.3922  0.004
      4  2.403  23.892  0.1708  0.009
      5  0.768  41.258  0.1521  0.010
      6  2.295  92.991  0.2548  0.091
      7  3.264  74.968  0.2883  0.074
      8  0.908  10.855  0.6451  0.000
      9  1.542  29.101  0.3607  0.004
     10  0.356  26.313  0.1830  0.002
     11  3.265  90.794  0.3214  0.098
     13  2.738  49.041  0.2458  0.031
     14  0.536  81.229  0.2088  0.020
     15  2.965   9.109  0.2202  0.001
     16  0.592  12.800  0.2205  0.001
     17  2.224   9.943  0.4325  0.001
     18  3.951  38.491  0.3050  0.022
     19  1.956  33.940  0.2343  0.011
     21  0.573  85.973  0.2439  0.020
     23  0.998 131.670  0.3411  0.059
     24  1.100  67.570  0.2301  0.025
     25  0.929   9.635  0.2608  0.000
     26  1.591   2.807  0.0000  0.000
     27  1.971  11.816  0.0741  0.004
     29  1.497  24.199  0.2041  0.005
     30  1.173   8.400  0.2892  0.000
     32  3.751   9.626  0.7222  0.001
     33  3.717  11.457  0.7510  0.001
     34  0.306  39.051  0.2526  0.002
     35  0.938  19.176  0.1552  0.003
     36  2.807 104.665  0.2650  0.135
     37  2.619  80.478  0.2282  0.087
     38  0.518  72.896  0.1338  0.024
     39  0.224  55.622  0.2073  0.004
     40  2.910 265.634  0.3221  0.744
     41  0.841   3.260  0.0000  0.000
     43  0.749  11.000  0.3439  0.000
     44  2.511  85.729  0.3699  0.058
     45  0.834   9.058  0.1165  0.001
     46  0.248  10.712  0.2583  0.000
     47  1.141   4.243  0.0000  0.001
     48  2.484  68.073  0.1364  0.098
     49  0.541 113.058  0.2770  0.029
     51  0.627 110.008  0.2177  0.041
     52  0.859   9.635  0.1798  0.001
     54  1.543  39.772  0.2391  0.012
     55  1.182   6.772  0.0927  0.001
     56  0.999   4.687  0.0000  0.001
     57  0.304  21.917  0.1489  0.001
     58  1.423  17.563  0.2273  0.002
     59  0.256   7.006  0.1429  0.000
     60  1.482  17.910  0.2155  0.003
     61  0.910   5.734  0.0000  0.001
     62  1.203 110.297  0.3204  0.053
     63  0.789   0.000  0.0000  0.000
     64  0.248  34.241  0.3049  0.001
     65  0.252   4.272  0.0000  0.000
     66  3.082 123.815  0.2386  0.231
     67  0.689   7.333  0.0446  0.001
     68  0.686   8.541  0.3614  0.000
     69  1.000  10.952  0.2798  0.001
     70  0.980  10.857  0.1851  0.001
     71  0.328   5.379  0.1815  0.000
     72  0.349   2.404  0.0000  0.000
     73  0.521 103.891  0.2523  0.026
     74  1.067 102.271  0.2877  0.045
     75  0.892   5.550  0.3081  0.000
     76  1.060  16.625  0.1807  0.002
     77  0.498   3.600  0.0000  0.000
     78  2.477  18.070  0.2014  0.005
     79  0.837   3.260  0.0000  0.000
     80  0.483  59.105  0.4215  0.005
     81  0.783   8.126  0.4159  0.000
     82  0.501  11.997  0.1299  0.001
     83  0.250   9.965  0.1502  0.000
     84  0.312   2.062  0.0000  0.000
     85  0.243  50.750  0.1843  0.004
     87  1.018   7.348  0.2222  0.000
     89  0.815  47.541  0.4072  0.005
     90  1.094  47.582  0.1897  0.015
     91  2.204   9.514  0.7771  0.000
     92  3.504  50.287  0.4702  0.022
     93  0.737  19.721  0.1373  0.002
     94  0.347  10.344  0.2029  0.000
     95  0.633  23.448  0.2375  0.002
     96  0.274  83.829  0.1946  0.012
     97  1.936  76.927  0.2778  0.048
     98  0.747   9.545  0.9798  0.000
     99  0.489  22.994  0.1349  0.002
    100  0.474   2.648  0.0000  0.000
    101  0.376   9.346  0.2786  0.000
    102  1.026  51.490  0.2691  0.012
    103  0.681  12.539  0.1546  0.001
    105  1.229  17.536  0.1279  0.003
    107  0.237  62.286  0.2128  0.005
    108  2.506   6.500  0.0000  0.003
    109  0.974  45.667  0.3117  0.008
    110  0.725  20.729  0.5061  0.001
    111  0.704  40.060  0.2457  0.005
    112  0.767  58.903  0.2964  0.010
    115  0.561   0.000  0.0000  0.000
    116  0.517   6.045  0.6232  0.000
    118  1.292  13.120  0.2876  0.001
    119  2.020  81.815  0.3445  0.046
    120  3.404  69.014  0.3640  0.052
    122  1.250   0.000  0.0000  0.000
    123  2.953 137.635  0.3053  0.214
    124  2.625   9.182  0.1570  0.002
    125  0.596   6.140  0.1571  0.000
    126  0.683  43.162  0.2481  0.006
    127  1.877  15.103  0.3117  0.002
    129  2.341  12.320  0.4719  0.001
    131  0.531  18.368  0.4922  0.000
    132  3.176 184.402  0.2535  0.497
    133  0.507  23.400  0.3653  0.001
    134  1.566 175.876  0.1953  0.289
    136  1.724  14.331  0.3467  0.001
    137  2.638  10.347  0.0908  0.004
    139  0.802  21.131  0.1912  0.002
    140  0.506  46.210  0.4647  0.003
    141  0.765  33.716  0.3904  0.003
    142  0.432   4.860  0.1269  0.000
    143  1.328   8.123  0.1009  0.001
    144  2.253  11.160  0.1213  0.003
    145  0.673  21.568  0.2836  0.001
    146  1.567  13.394  0.0482  0.007
    148  0.408  21.356  0.2360  0.001
    150  0.452   7.828  0.0514  0.001
    151  2.428 139.192  0.1821  0.301
    152  1.460   4.634  0.3142  0.000
    154  0.919  23.844  0.4623  0.001
    155  1.588   3.905  0.0000  0.001
    157  2.613  12.684  0.4842  0.001
    159  2.477   7.965  0.1929  0.001
    160  0.199   6.748  0.1889  0.000
    161  1.602 335.428  0.2103  1.000
    162  1.627 158.652  0.2364  0.202
    163  0.905  12.382  0.1619  0.001
    164  0.892   4.031  0.0000  0.000
    165  3.035  18.867  0.5574  0.002
    167  2.868  10.132  0.3520  0.001
    168  0.846  23.419  0.1477  0.004
    169  2.167   4.028  0.0000  0.001
    171  0.629  30.898  0.2847  0.002
    172  0.798   7.887  0.5216  0.000
    173  0.636   7.387  0.4317  0.000
    174  0.366   0.000  0.0000  0.000
    175  1.035  31.243  0.5168  0.002
    177  0.575   8.900  0.0664  0.001
    179  1.227  17.810  0.2950  0.002
    180  0.676  22.347  0.2685  0.001
    182  2.840  70.169  0.1869  0.087
    183  0.580  48.402  0.2352  0.007
    184  3.115 144.709  0.1486  0.512
    185  1.683   5.948  0.1543  0.000
    186  0.964   6.053  0.3081  0.000
    187  1.228   2.603  0.0000  0.000
    188  4.168  15.210  0.1609  0.007
    189  0.575  37.326  0.2634  0.004
    190  1.251  43.845  0.2737  0.010
    191  3.521  27.325  0.1850  0.017
    192  0.640   0.000  0.0000  0.000
    193  0.696  11.532  0.3072  0.000
    196  0.639   2.833  0.0000  0.000
    197  1.706   7.537  0.1355  0.001
    198  0.407   5.508  0.2006  0.000
    199  0.826  36.241  0.1848  0.007
    200  2.032   9.798  0.0609  0.004
    202  1.652   4.914  0.1543  0.000
    203  0.595  11.832  0.1176  0.001
    204  0.323  21.905  0.2393  0.001
    205  0.910  45.632  0.1820  0.012
    206  0.335   3.041  0.0000  0.000
    209  1.020  10.517  0.1488  0.001
    211  3.508  26.373  0.2908  0.010
    212  1.465  12.147  0.1201  0.002
    213  1.580   3.453  0.0000  0.001
    214  0.592  19.386  0.2144  0.001
    215  1.441   3.500  0.0000  0.000
    216  1.484  21.844  0.2566  0.003
    217  2.552   0.000  0.0000  0.000
    218  3.328  18.840  0.2094  0.007
    220  0.287  24.793  0.2433  0.001
    221  0.325   6.531  0.0464  0.000
    222  0.667  16.765  0.0438  0.005
    223  1.157  12.006  0.2140  0.001
    224  1.944   8.719  0.0373  0.005
    226  1.129  25.709  0.2349  0.004
    227  2.150  25.695  0.1940  0.009
    228  2.731  56.972  0.2091  0.049
    230  1.459  16.406  0.3930  0.001
    231  0.766  13.345  0.3074  0.001
    232  1.764  44.770  0.2372  0.017
    234  0.287   7.118  0.2190  0.000
    235  1.982  14.412  0.1689  0.003
    236  1.988  12.792  0.1320  0.003
    237  1.629   0.000  0.0000  0.000
    239  2.149   2.915  0.0000  0.001
    240  0.904  26.340  0.1845  0.004
    241  1.381   0.000  0.0000  0.000
    242  2.029   6.000  0.0000  0.000
Image C=18,I=10
The max ELI is 246919424.000000
   Line   grad    leng    kurv    eli
      1  3.067  80.125  0.2991  0.015
      2  1.384  75.844  0.3293  0.006
      3  1.718  81.822  0.3182  0.008
      4  2.262 372.512  0.2287  0.317
      5  0.837   0.000  0.0000  0.000
      6  0.871  32.896  0.2366  0.001
      7  2.647 160.849  0.2311  0.068
      8  3.114 185.680  0.2302  0.108
      9  2.581 562.130  0.1997  0.942
     10  0.292  33.886  0.5506  0.000
     11  0.265  19.083  0.5732  0.000
     12  1.019  70.917  0.3775  0.003
     13  2.475 408.089  0.0950  1.000
     14  0.409  23.492  0.4802  0.000
     15  0.911   8.218  0.1488  0.000
     17  0.651   0.000  0.0000  0.000
     18  2.703  55.654  0.2480  0.008
     19  0.297   0.000  0.0000  0.000
     20  1.000   5.621  0.2165  0.000
     21  0.377   0.000  0.0000  0.000
     22  0.685   6.281  0.0001  0.000
     23  1.082  67.421  0.2530  0.004
     24  1.364   0.000  0.0000  0.000
     25  0.102   0.000  0.0000  0.000
     26  2.693  73.229  0.2870  0.012
     27  1.583  81.956  0.2566  0.010
     28  2.107  93.238  0.2265  0.019
     29  1.025   0.000  0.0000  0.000
     31  0.379   0.000  0.0000  0.000
     32  0.377   5.621  0.0001  0.000
     33  2.877  17.096  0.6204  0.000
     34  1.643   4.117  0.0001  0.000
     35  2.890 103.725  0.2252  0.032
     37  0.475   0.000  0.0000  0.000
     38  0.661   0.000  0.0000  0.000
     39  0.327   0.000  0.0000  0.000
     40  0.169   0.000  0.0000  0.000
     41  2.818   5.828  0.0000  0.000
     42  0.206   0.000  0.0000  0.000
     43  0.296   0.000  0.0000  0.000
     44  0.503   4.508  0.3618  0.000
     45  2.745  12.313  0.7223  0.000
     46  0.276   0.000  0.0000  0.000
Image C=15,I=28
The max ELI is 8381031.000000
   Line   grad    leng    kurv    eli
      1  1.000 183.018  0.1397  1.000
      2  0.660  57.548  0.1072  0.085
      3  0.842  79.056  0.0964  0.227
      5  1.021 142.140  0.0887  0.970
      6  0.967  20.420  0.2093  0.008
      7  0.655   2.843  0.0000  0.001
      8  1.746  98.045  0.1877  0.373
      9  1.316  13.281  0.2354  0.004
     10  0.719  62.361  0.3918  0.030
     11  2.739 100.279  0.2268  0.506
     12  0.953  38.201  0.4616  0.013
     13  1.222   6.657  0.1733  0.001
     14  1.523   6.863  0.0926  0.003
     15  2.819  81.685  0.2794  0.281
     16  1.426   2.831  0.0000  0.001
     17  2.408  17.118  0.3787  0.008
     18  0.843  19.580  0.3928  0.003
     19  0.429  14.736  0.0000  0.010
     20  1.172  10.946  0.0537  0.011
     21  1.455   8.893  0.0590  0.008
     22  1.886  78.591  0.1543  0.315
     23  0.493  14.429  0.2217  0.002
     24  0.949  32.623  0.3081  0.014
     25  0.837  15.224  0.1178  0.007
     26  1.483   3.333  0.0000  0.002
     27  0.994   0.000  0.0000  0.000
     28  0.833  20.869  0.0768  0.020
     30  1.093   8.667  0.0388  0.009
     31  0.967   8.000  0.0000  0.000
Image C=39,I=13
The max ELI is 53652724.000000
   Line   grad    leng    kurv    eli
      1  3.873 452.845  0.2390  1.000
      2  2.532 186.703  0.2917  0.091
      3  0.511   0.000  0.0000  0.000
      4  6.946 140.626  0.1310  0.315
      5  2.109   5.671  0.0000  0.001
      6  4.302 160.995  0.1341  0.250
      7  0.756   0.000  0.0000  0.000
      8  0.782  38.164  0.4212  0.001
      9  1.045  14.818  0.3725  0.000
     10  6.308 194.709  0.1156  0.623
     11  1.912 124.204  0.3029  0.029
     12  1.311   9.407  0.0854  0.000
     13  3.438 189.934  0.3392  0.110
     14  0.515   5.338  0.0000  0.000
     15  0.807  17.335  0.5094  0.000
     16  0.506   5.662  0.0000  0.000
     17  1.000  14.875  0.2584  0.000
     18  0.440   6.403  0.0217  0.000
     19  2.817   5.795  0.2260  0.000
     21  2.442   7.931  0.2318  0.000
     22  0.566   3.536  0.0000  0.000
     23  0.538   6.953  0.2073  0.000
     24  0.789   0.000  0.0000  0.000
     25  0.834   0.000  0.0000  0.000
     26  0.571   8.821  0.1099  0.000
     27  0.766  56.395  0.5182  0.001
     28  0.946  29.896  0.3385  0.001
     29  0.544   0.000  0.0000  0.000
     30  0.581  13.256  0.2561  0.000
     31  2.769  17.920  0.4551  0.001
     32  0.859  28.529  0.4727  0.000
     34  1.129  22.825  0.5681  0.000
     35  0.461  13.507  0.2063  0.000
     36  0.279  19.095  0.1735  0.000
     37  1.032 126.800  0.2221  0.022
     38  0.639 119.174  0.1981  0.014
     39  0.303   5.667  0.5715  0.000
     40  0.758   0.000  0.0000  0.000
     41  0.748   5.886  0.2904  0.000
     42  0.454   0.000  0.0000  0.000
     45  2.109  64.252  0.1816  0.014
     46  0.380  30.837  0.0929  0.001
     47  0.318   0.000  0.0000  0.000
     48  0.590   2.475  0.0000  0.000
     49  0.506  76.616  0.2429  0.004
     50  0.363  11.511  0.2352  0.000
     52  1.456  39.169  0.2632  0.003
     53  0.344   9.305  0.2127  0.000
     55  0.692  33.282  0.1363  0.002
     56  2.047   0.000  0.0000  0.000
     57  0.350  29.648  0.1525  0.001
     59  0.398   3.333  0.0000  0.000
     60  0.443  12.452  0.1070  0.000
     61  1.082   8.065  0.1292  0.000
     62  0.413   3.606  0.0000  0.000
     63  2.440   0.000  0.0000  0.000
     64  0.726   3.500  0.0000  0.000
     65  5.667   0.000  0.0000  0.000
     66  0.662   2.121  0.0000  0.000
     67  0.717   5.850  0.0564  0.000
     68  2.523  39.392  0.4732  0.002
     69  3.046   6.500  0.0000  0.000
     70  1.719   0.000  0.0000  0.000
     71  1.456   3.536  0.0000  0.000
     72  1.320   4.950  0.0000  0.000
     73  1.367   4.500  0.0000  0.000
     75  2.555  26.139  0.2350  0.002
     76  2.929  12.905  0.2694  0.001
     77  1.735   7.218  0.6327  0.000
     78  4.378   6.813  0.0638  0.001
     79  2.432   3.553  0.0000  0.000
     80  2.073   6.556  0.1565  0.000
     81  0.430   0.000  0.0000  0.000
     82  6.673  10.079  0.3273  0.001
     83  3.864   6.500  0.1638  0.000
     84  1.350   7.540  0.1251  0.000
     85  1.097   4.216  0.0000  0.000
     87  2.057   0.000  0.0000  0.000
     88  0.416   4.272  0.0000  0.000
     89  2.836   0.000  0.0000  0.000
Image C=65,I=428
The max ELI is 30083644.000000
   Line   grad    leng    kurv    eli
      1  1.402  85.164  0.1833  0.130
      2  1.313  72.642  0.2487  0.065
      3  0.778  65.395  0.3304  0.024
      4  0.464  11.226  0.1450  0.001
      5  1.290  97.400  0.3532  0.081
      6  1.881  46.491  0.3334  0.029
      7  1.952  63.547  0.3174  0.058
     10  1.629 185.742  0.2081  0.634
     11  0.717   8.281  0.4979  0.000
     12  0.596   4.205  0.0000  0.000
     13  1.164 163.044  0.2169  0.335
     14  1.906 133.934  0.2271  0.353
     15  0.811   6.038  0.0748  0.001
     16  1.796 233.017  0.2288  1.000
     17  0.521  23.581  0.2734  0.002
     18  1.903  58.943  0.2957  0.052
     20  0.692  45.993  0.3093  0.011
     21  1.000  31.082  0.5026  0.005
     22  0.976  36.455  0.3952  0.008
     23  0.995  28.652  0.2918  0.007
     24  0.806  21.069  0.2489  0.003
     27  0.792  24.158  0.4267  0.003
     28  1.251   4.344  0.3652  0.000
     29  0.526  11.097  0.5449  0.000
     30  0.579   8.145  0.0000  0.001
     32  0.407  29.509  0.1928  0.004
     33  1.489  26.558  0.4905  0.005
     34  2.699   6.727  0.1054  0.003
     35  1.583  59.302  0.1618  0.081
     36  0.593   8.186  0.2971  0.000
     37  0.564   8.658  0.1472  0.001
     38  1.336  59.332  0.2854  0.039
     39  0.983   6.621  0.1395  0.001
     40  1.623  13.076  0.2295  0.003
     41  0.887   0.000  0.0000  0.000
     42  1.213   4.534  0.0000  0.001
Image C=37,I=272
The max ELI is 4555269.000000
   Line   grad    leng    kurv    eli
      1  0.922  60.278  0.1826  0.080
      2  0.783  56.525  0.2943  0.037
      3  1.011 119.072  0.2331  0.268
      4  1.154  91.918  0.3328  0.128
      5  1.488  56.901  0.2651  0.079
      6  0.994   3.000  0.0000  0.001
      7  1.101  12.247  0.1899  0.004
      8  0.994  15.039  0.3664  0.003
      9  0.973  47.537  0.2443  0.039
     10  2.296  39.693  0.4455  0.035
     11  1.484  58.195  0.3374  0.065
     12  1.000  40.316  0.1621  0.044
     13  1.562  57.923  0.3435  0.066
     14  2.485  28.951  0.4270  0.021
     15  1.110  16.131  0.5337  0.002
     16  1.277   0.000  0.0000  0.000
     17  0.892  43.115  0.2911  0.025
     18  1.052 121.364  0.2028  0.333
     19  0.771  21.732  0.1626  0.010
     20  0.902  53.610  0.1956  0.058
     21  1.228  48.109  0.3360  0.037
     22  1.091  43.402  0.3632  0.025
     23  0.680  42.591  0.1674  0.032
     24  0.737  13.703  0.1267  0.005
     25  1.026  71.643  0.3146  0.073
     26  1.514  30.331  0.2097  0.029
     27  0.950  49.220  0.2088  0.048
     28  0.603   3.000  0.0000  0.000
     29  2.110 155.755  0.2230  1.000
     30  1.017   8.340  0.3504  0.001
     31  1.403  95.036  0.3080  0.179
     32  0.795  21.611  0.0958  0.017
     33  0.984  78.069  0.2631  0.099
     34  0.668   0.000  0.0000  0.000
     35  2.123  21.721  0.2675  0.016
     36  0.865   6.123  0.0982  0.001
     37  1.253  20.521  0.2237  0.010
     38  0.823   8.582  0.1199  0.002
     39  0.997  19.402  0.2072  0.008
     40  0.897  25.664  0.4350  0.006
     41  0.716  10.354  0.1732  0.002
     42  1.072  15.111  0.1703  0.006
     44  0.976  36.863  0.2300  0.025
     45  0.690  35.291  0.3567  0.011
     46  1.155  24.375  0.1833  0.016
     47  0.903  12.162  0.3690  0.002
     48  2.016   4.472  0.0000  0.003
     49  0.661   0.000  0.0000  0.000
     50  0.657  25.892  0.3013  0.006
     51  0.421   2.550  0.0000  0.000
     52  0.806   6.500  0.0000  0.000
     53  1.002   0.000  0.0000  0.000
     54  0.939  11.226  0.2468  0.002
     55  0.396   0.000  0.0000  0.000
     56  1.478  26.766  0.3175  0.015
     57  0.836   4.472  0.0000  0.001
     58  1.119  31.651  0.2925  0.017
     60  1.248  10.607  0.4520  0.001
     61  1.163  84.833  0.3962  0.092
     62  0.406   3.041  0.0000  0.000
     63  0.854  58.839  0.2529  0.051
     64  0.808  33.300  0.3846  0.010
     65  2.248   6.736  0.1214  0.004
     66  2.559   9.623  0.3440  0.003
     67  0.707  43.332  0.3218  0.018
     68  0.941  50.603  0.1817  0.058
     69  0.949  13.303  0.2519  0.003
     70  0.863  51.476  0.4441  0.022
     71  0.532  22.416  0.2748  0.004
     72  1.270   4.000  0.0000  0.000
     73  0.910  19.653  0.0747  0.020
     74  0.615   6.982  0.0973  0.001
     75  1.205  15.415  0.1862  0.007
     76  1.338  40.549  0.4270  0.022
     77  0.842  11.126  0.6407  0.001
     78  1.220  30.819  0.3173  0.016
     79  0.761  16.687  0.3145  0.003
     80  2.350  62.085  0.1382  0.285
     83  0.701  18.305  0.3742  0.003
     84  0.651   2.907  0.0000  0.000
     85  1.081  63.510  0.1486  0.128
     86  0.658   3.046  0.0000  0.000
     88  0.335   3.010  0.0000  0.000
     90  1.792  10.201  0.0690  0.012
     91  0.979  29.361  0.1882  0.020
     92  1.028  12.586  0.4322  0.002
     93  1.186  31.349  0.2668  0.019
     94  1.144   4.400  0.0000  0.001
     97  0.983   5.834  0.0000  0.002
     98  1.494   7.193  0.0000  0.005
     99  1.372  11.565  0.0001  0.012
    100  1.100  11.420  0.1830  0.003
    101  0.592   0.000  0.0000  0.000
    102  0.896   7.879  0.1734  0.001
    104  1.347   8.687  0.0719  0.006
    105  1.926  15.710  0.1577  0.013
    107  1.010   7.739  0.1557  0.002
    108  1.901  16.183  0.1247  0.017
    109  5.685   0.000  0.0000  0.000
    110  4.081   4.031  0.0000  0.004
Image C=30,I=4
The max ELI is 26356902.000000
   Line   grad    leng    kurv    eli
      1  2.353 219.000  0.1653  1.000
      2  1.559 159.157  0.3562  0.162
      3  1.763  27.035  0.2983  0.006
      4  1.576  22.488  0.3225  0.004
      6  1.572  81.503  0.3233  0.047
      7  1.172  25.085  0.3149  0.003
      9  1.617  14.281  0.2432  0.002
     10  1.417  30.378  0.4204  0.005
     11  0.984   9.847  0.2827  0.000
     12  0.606  15.244  0.3920  0.001
     13  1.150   9.692  0.1171  0.001
     14  0.833  15.699  0.1721  0.002
     15  1.423 167.192  0.2377  0.245
     16  1.180  60.558  0.2317  0.027
     19  0.921   4.346  0.0000  0.001
     20  0.702   3.536  0.0000  0.000
     21  1.268  37.853  0.1481  0.018
     22  0.955   9.091  0.2089  0.001
     23  0.764  44.140  0.2895  0.008
     24  1.255  86.129  0.2193  0.062
     26  1.309  53.679  0.2131  0.026
     27  1.632   6.047  0.0000  0.003
     29  0.512   2.585  0.0000  0.000
     30  0.689  10.824  0.0782  0.002
     31  0.846   4.301  0.0000  0.001
     32  1.643  26.155  0.2995  0.005
     33  0.785   6.249  0.0949  0.000
     34  0.935  40.673  0.3946  0.006
     35  2.015  91.883  0.1669  0.149
     37  1.748  17.356  0.1140  0.007
     38  1.040  12.760  0.1975  0.001
     39  0.788  46.174  0.2881  0.009
     40  0.663   7.016  0.1869  0.000
     41  0.373  12.231  0.1243  0.001
     42  1.609  86.710  0.1781  0.099
     43  1.105   6.816  0.1745  0.000
     44  0.841  12.132  0.4355  0.000
     45  0.760   0.000  0.0000  0.000
     46  1.070  11.171  0.1094  0.002
     47  1.063  76.010  0.1970  0.046
     48  1.864 182.968  0.2400  0.381
     50  1.447  39.249  0.2067  0.016
     51  0.574  46.456  0.3589  0.005
     52  1.048   4.000  0.0000  0.001
     53  0.993  71.670  0.2778  0.027
     54  1.472  42.645  0.2499  0.016
     55  1.304  20.629  0.3504  0.002
     57  1.221 159.572  0.2803  0.162
     58  1.243  15.838  0.3858  0.001
     60  0.272   0.000  0.0000  0.000
     61  0.688  50.028  0.2936  0.009
     62  0.990   4.000  0.0000  0.000
     63  1.004  13.491  0.2076  0.001
     64  1.963 174.487  0.2096  0.418
     65  0.584  17.552  0.0986  0.003
     66  0.586   3.162  0.0000  0.000
     67  0.771  50.195  0.3452  0.008
     68  0.000   6.467  0.1979  0.000
     69  0.711  34.716  0.2363  0.005
     70  0.280   1.953  0.0000  0.000
     71  1.197  44.584  0.1787  0.020
     72  1.247   4.216  0.0000  0.001
     73  0.000   0.000  0.0000  0.000
     74  1.291  83.737  0.2463  0.054
     75  0.881  46.880  0.1855  0.015
     76  1.290   7.221  0.3384  0.000
     77  0.473   5.416  0.1905  0.000
     78  0.639   4.252  0.0000  0.001
     79  0.534  32.902  0.1858  0.005
     80  0.667  11.046  0.1735  0.001
     82  0.733  17.749  0.4913  0.001
     84  1.194   2.693  0.0000  0.000
     85  1.326  14.006  0.1756  0.002
     86  1.581  16.401  0.2180  0.003
     87  0.626  15.972  0.3681  0.001
     88  0.576  13.388  0.3067  0.000
     89  1.330   6.368  0.2249  0.000
     90  1.221   8.321  0.0868  0.001
     91  0.680  17.215  0.2637  0.001
     92  0.802   3.606  0.0000  0.001
     93  1.731  60.670  0.2295  0.041
     94  0.000   6.912  0.1382  0.000
     95  0.503  20.343  0.3286  0.001
     97  0.423   7.100  0.3325  0.000
     98  0.875   5.095  0.1460  0.000
    100  1.094 130.330  0.2609  0.104
    101  0.574   4.712  0.1586  0.000
    102  1.671   2.236  0.0000  0.000
    103  0.938   9.131  0.0859  0.001
    104  1.514  14.201  0.1730  0.003
    105  1.148  37.932  0.2627  0.009
    106  1.006  58.746  0.2920  0.017
    107  0.752   3.736  0.7375  0.000
    108  0.693  66.902  0.4160  0.011
    109  0.711  33.104  0.2446  0.005
    111  0.137   2.717  0.0000  0.000
    113  0.859   3.171  0.0000  0.000
    114  0.000   0.000  0.0000  0.000
    115  0.703  13.081  0.2685  0.001
    116  1.655 222.317  0.3051  0.393
    120  1.228  42.292  0.4373  0.007
    122  0.000   7.176  0.1249  0.000
    123  1.397  70.988  0.3343  0.031
    124  1.293  49.644  0.2933  0.016
    125  0.496   8.589  0.2241  0.000
    126  1.210  10.181  0.2299  0.001
    127  1.245  17.453  0.4637  0.001
    128  1.191   8.562  0.3210  0.000
    129  1.445  11.226  0.2341  0.001
    130  0.444   5.968  0.0499  0.000
    131  0.733   0.000  0.0000  0.000
    132  0.868   0.000  0.0000  0.000
    133  1.000   7.477  0.0001  0.003
    135  0.720  36.181  0.2319  0.006
    136  0.524  13.498  0.1514  0.001
    137  1.495  34.119  0.3477  0.007
    138  1.400  20.107  0.2794  0.003
    139  1.633  18.191  0.1727  0.005
    140  1.499  20.628  0.3957  0.002
    141  1.449  17.989  0.2699  0.003
    142  0.000   0.000  0.0000  0.000
    144  1.036   6.122  0.0486  0.001
    145  0.772   3.283  0.0000  0.000
    146  1.624  80.188  0.2317  0.066
    147  0.534   6.135  0.3164  0.000
    148  1.262   0.000  0.0000  0.000
    149  0.590   2.151  0.0000  0.000
    150  0.330   0.000  0.0000  0.000
    152  1.007  18.112  0.4710  0.001
    153  0.959   0.000  0.0000  0.000
    154  0.936   7.472  0.0654  0.001
    156  0.543   6.193  0.0000  0.001
    157  0.774  26.703  0.1150  0.007
    158  1.832   6.903  0.0950  0.001
    159  1.017   7.713  0.1094  0.001
    161  0.604   7.233  0.1227  0.000
    162  1.280  26.003  0.3125  0.004
    164  1.737   9.038  0.1733  0.001
    165  0.718   2.500  0.0000  0.000
    166  0.423   5.860  0.0405  0.001
    167  1.865  95.175  0.2853  0.087
    168  1.206  57.954  0.2297  0.026
    169  0.776   6.270  0.2694  0.000
    171  1.135  22.946  0.1717  0.005
    172  1.145 112.133  0.2154  0.098
    173  0.746   5.744  0.0000  0.001
    174  1.128   3.260  0.0000  0.001
    175  0.866   3.536  0.0000  0.001
    176  0.356   3.162  0.0000  0.000
    177  1.640  14.943  0.2395  0.002
    178  1.641  20.061  0.3205  0.003
    179  0.837   2.500  0.0000  0.000
    180  0.494   6.623  0.0000  0.001
    181  0.000   0.000  0.0000  0.000
    182  0.707  23.251  0.1589  0.004
    183  1.281   9.460  0.2297  0.001
    184  0.244   7.300  0.1210  0.000
    185  0.966   6.311  0.0001  0.002
    187  0.666   7.014  0.1638  0.000
    188  0.619  10.453  0.5296  0.000
    189  0.417  28.854  0.3193  0.002
    190  1.947   7.707  0.0494  0.003
    191  1.839   6.694  0.1896  0.001
    192  0.653  43.504  0.2609  0.007
    193  0.519  32.126  0.2495  0.003
    194  1.236   0.000  0.0000  0.000
    195  0.484  28.604  0.3093  0.002
    196  0.673  22.942  0.5440  0.001
    197  0.969  29.134  0.0811  0.015
    198  1.755  16.639  0.5904  0.001
    199  0.970  10.617  0.2722  0.001
    202  1.232  23.295  0.1675  0.006
    203  1.039  24.303  0.2127  0.004
    204  1.528  24.363  0.2312  0.006
    205  1.417   6.490  0.2088  0.000
    206  1.181  12.500  0.0000  0.000
    207  2.299  15.662  0.0000  0.030
    208  1.786  12.335  0.0275  0.014
    210  1.024   0.000  0.0000  0.000
    211  1.392  19.589  0.6450  0.001
    213  1.452  10.629  0.3315  0.001
Image C=31,I=67
The max ELI is 108171416.000000
   Line   grad    leng    kurv    eli
      1  1.673  74.707  0.1998  0.022
      2  0.631   7.693  0.3756  0.000
      3  1.176  73.929  0.2168  0.014
      4  0.777  42.351  0.4017  0.002
      5  0.862   5.232  0.2245  0.000
      6  1.068  40.236  0.4459  0.002
      7  0.808   8.617  0.0432  0.001
      8  0.864  24.407  0.3300  0.001
      9  1.442  85.144  0.2751  0.018
     10  0.888  16.644  0.6118  0.000
     11  0.667  10.923  0.4738  0.000
     12  0.661   9.768  0.2099  0.000
     13  1.059   4.123  0.0000  0.000
     14  0.637   5.236  0.1951  0.000
     15  2.529  99.322  0.2975  0.039
     18  0.612   7.640  0.1695  0.000
     19  1.143   9.054  0.1722  0.000
     22  1.362  76.355  0.4010  0.009
     23  1.000   6.503  0.1803  0.000
     24  2.784 402.789  0.2088  1.000
     25  1.559  21.136  0.3322  0.001
     27  0.565   0.000  0.0000  0.000
     28  0.720   7.548  0.1227  0.000
     29  1.380   0.000  0.0000  0.000
     30  1.895   0.000  0.0000  0.000
     31  0.747   0.000  0.0000  0.000
     32  0.459   3.306  0.0000  0.000
     33  2.282  23.729  0.1505  0.004
     34  1.183  12.974  0.2596  0.000
     35  1.685   4.774  0.1587  0.000
     38  1.079  42.622  0.4159  0.002
     39  0.762   0.000  0.0000  0.000
     40  0.898   8.266  0.0583  0.000
     41  1.361  14.038  0.6696  0.000
     42  1.484   9.195  0.0040  0.001
     43  0.734   0.000  0.0000  0.000
     44  0.385   0.000  0.0000  0.000
     45  1.279   2.267  0.0000  0.000
     46  0.944   3.500  0.0000  0.000
     47  0.824   3.500  0.0000  0.000
     48  0.769   0.000  0.0000  0.000
     49  1.800   8.000  0.0634  0.001
     50  0.900   0.000  0.0000  0.000
     51  1.656   5.500  0.0000  0.000
Image C=79,I=48
The max ELI is 35663296.000000
   Line   grad    leng    kurv    eli
      1  2.633  22.384  0.5957  0.001
      2  2.277 304.674  0.1330  1.000
      3  1.871 249.587  0.1769  0.415
      4  0.725  12.274  0.2787  0.000
      5  2.349 229.088  0.1563  0.496
      6  3.640 157.139  0.1325  0.427
      7  1.509  44.028  0.1798  0.010
      8  1.035  19.819  0.4628  0.001
      9  1.000   9.298  0.1909  0.000
     10  0.488   8.893  0.1388  0.000
     11  0.591   2.828  0.0000  0.000
     13  2.135  10.123  0.0944  0.001
     14  0.389   0.000  0.0000  0.000
     15  0.873   3.236  0.0000  0.000
     16  1.016 116.095  0.2727  0.032
     17  0.491  38.101  0.3329  0.001
     19  0.699  29.484  0.1865  0.002
     20  0.514  16.267  0.0863  0.001
     21  2.341   3.606  0.0000  0.000
     22  1.092  10.547  0.3598  0.000
     23  0.659   3.953  0.0000  0.000
     24  0.733  13.256  0.1566  0.001
     26  0.696   7.208  0.0583  0.000
     28  3.326  30.853  0.1839  0.011
     29  1.136 116.752  0.2030  0.048
     30  0.666  26.502  0.4039  0.001
     31  1.370  61.919  0.0776  0.043
     32  1.911 114.555  0.2226  0.071
     33  2.555  17.112  0.1523  0.003
     34  2.316  10.202  0.7552  0.000
     35  0.594  18.984  0.2461  0.001
     36  0.622  19.911  0.1582  0.001
     37  3.467  24.711  0.1230  0.011
     40  1.453   7.123  0.0580  0.001
     41  2.586  11.634  0.4583  0.000
     42  0.885  57.131  0.1726  0.011
     43  0.490   0.000  0.0000  0.000
     44  0.673  41.356  0.1520  0.005
     45  2.849   4.414  0.1543  0.000
     48  0.542  47.889  0.2075  0.004
     49  1.383  44.642  0.1650  0.011
     50  2.143   9.884  0.1577  0.001
     51  2.025   0.000  0.0000  0.000
     52  0.806   0.000  0.0000  0.000
     55  1.604  10.643  0.0884  0.001
     56  0.461   6.336  0.1840  0.000
     57  0.525   1.000  0.0000  0.000
     58  0.948   4.000  0.0000  0.000
     60  0.690  49.255  0.1750  0.006
     62  0.516  49.953  0.1677  0.005
     63  0.582  45.825  0.5111  0.002
     65  0.687   3.536  0.0000  0.000
     67  0.383  10.369  0.2380  0.000
     68  0.396  40.826  0.3515  0.001
     69  1.162   0.000  0.0000  0.000
     70  0.000   6.715  0.1461  0.000
     71  1.440 109.719  0.2465  0.044
     72  0.456  28.042  0.2478  0.001
     73  1.336   2.603  0.0000  0.000
     74  0.924  11.237  0.2571  0.000
     75  0.536   7.863  0.3071  0.000
     76  0.488   0.000  0.0000  0.000
     77  0.464  16.468  0.1918  0.000
     78  1.048  93.638  0.2536  0.023
     79  0.608  14.849  0.1803  0.000
     80  0.602  21.060  0.0911  0.002
     81  0.257   4.604  0.0000  0.000
     83  0.566  62.647  0.1886  0.007
     84  0.511   2.121  0.0000  0.000
     85  0.347  17.312  0.6053  0.000
     86  0.632  10.438  0.1972  0.000
     89  0.549  25.342  0.3395  0.001
     90  0.359  24.811  0.3005  0.000
     91  0.621  36.819  0.0914  0.006
     92  0.542  22.320  0.3276  0.001
     93  0.552  25.234  0.3370  0.001
     94  0.565   6.227  0.3970  0.000
     95  0.614  18.845  0.3491  0.000
     96  1.305  14.874  0.3477  0.001
     97  0.505  21.001  0.2319  0.001
     98  1.015  13.511  0.2665  0.000
     99  1.003  19.081  0.1773  0.001
    100  0.404  23.496  0.1205  0.001
    101  0.211   3.453  0.0000  0.000
    102  0.314   6.972  0.1038  0.000
    104  1.933  13.193  0.2403  0.001
    105  0.419   3.202  0.0000  0.000
    107  0.358   6.130  0.3970  0.000
    109  0.730  19.358  0.2573  0.001
    110  1.624  79.971  0.2625  0.025
    111  0.971   2.672  0.0000  0.000
    112  3.130  77.143  0.2695  0.043
    113  2.286  10.429  0.2390  0.001
    114  1.052   2.749  0.0000  0.000
    116  2.425  18.663  0.1481  0.004
    117  0.181   0.000  0.0000  0.000
    118  0.687  16.056  0.4193  0.000
    119  1.392  29.386  0.2014  0.004
    120  1.004  30.961  0.4021  0.002
    121  1.978   9.500  0.0969  0.000
    122  1.649  26.721  0.1538  0.005
    123  3.162   6.848  0.0578  0.002
    125  2.618   3.000  0.0000  0.000
    126  0.608   7.543  0.3855  0.000
    128  3.204  31.663  0.2003  0.010
    129  1.327   0.000  0.0000  0.000
    130  2.607 262.222  0.1279  0.882
    132  1.167  26.555  0.2496  0.002
    133  2.237  12.761  0.0905  0.003
    134  2.043  12.899  0.1851  0.001
    135  1.759   2.693  0.0000  0.000
    136  1.679  20.477  0.3025  0.001
    137  2.507  32.946  0.2225  0.008
    138  0.772   0.000  0.0000  0.000
    139  2.814  25.317  0.2248  0.005
    141  2.725  13.851  0.2051  0.002
    143  1.433  14.330  0.3455  0.001
    144  3.199   9.562  0.1240  0.001
    145  0.544   5.849  0.0533  0.000
    146  0.708   3.606  0.0000  0.000
    148  0.837   0.000  0.0000  0.000
    149  0.776   3.432  0.0000  0.000
    151  1.329   7.268  0.2355  0.000
    152  4.639  22.791  0.1058  0.014
    153  1.957  17.354  0.1638  0.002
    154  1.649   0.000  0.0000  0.000
    155  1.415   0.000  0.0000  0.000
    157  0.873  11.809  0.8267  0.000
    158  1.778   3.000  0.0000  0.000
    159  2.030   3.000  0.0000  0.000
Image C=1,I=777
The max ELI is 53416576.000000
   Line   grad    leng    kurv    eli
      1  0.964  86.089  0.1641  0.023
      3  1.950 346.173  0.1218  1.000
      4  0.717  19.080  0.2088  0.001
      5  2.208 284.728  0.2414  0.386
      6  0.996  72.047  0.2753  0.010
      7  1.825   8.944  0.2543  0.000
      8  0.593 114.875  0.1059  0.039
      9  0.352   6.969  0.0782  0.000
     10  0.575  24.456  0.1503  0.001
     11  1.226   2.693  0.0000  0.000
     12  0.755   0.000  0.0000  0.000
     13  1.610  12.413  0.6421  0.000
     14  0.841   3.000  0.0000  0.000
     15  0.944  22.763  0.2002  0.001
     16  2.306 161.751  0.1194  0.263
     17  2.268   8.500  0.0000  0.000
     18  1.211  39.309  0.1836  0.005
     19  1.772  11.715  0.5118  0.000
     20  1.618  94.767  0.1670  0.045
     21  1.717 136.199  0.1425  0.117
     23  1.014   6.761  0.1097  0.000
     24  1.253  43.696  0.4006  0.003
     26  0.753   5.140  0.1326  0.000
     27  0.714   0.000  0.0000  0.000
     28  1.000  16.198  0.1893  0.001
     30  0.856  19.317  0.1307  0.001
     31  1.642  28.341  0.4858  0.001
     33  1.025  12.942  0.3102  0.000
     34  0.507   0.000  0.0000  0.000
     36  1.032   6.000  0.0000  0.000
     38  0.859  15.495  0.3180  0.000
     39  0.840   0.000  0.0000  0.000
     40  0.636  19.561  0.1212  0.001
     41  1.300  11.456  0.3749  0.000
     42  0.989   9.596  0.2149  0.000
     43  0.888   8.286  0.1475  0.000
Image C=75,I=49
The max ELI is 61631908.000000
   Line   grad    leng    kurv    eli
      1  1.648 329.699  0.2553  0.422
      2  1.807 206.263  0.2331  0.198
      3  0.704  26.663  0.4238  0.001
      4  1.187  89.063  0.2016  0.028
      5  1.827  70.520  0.3014  0.018
      6  2.193 399.217  0.2102  1.000
      7  1.000  32.824  0.1830  0.004
      8  0.733   5.774  0.0584  0.000
      9  1.078  40.534  0.1319  0.008
     10  0.918  12.246  0.2404  0.000
     11  1.511  32.047  0.1924  0.005
     12  1.026  40.445  0.1999  0.005
     14  1.978  17.639  0.1551  0.002
     16  0.558   8.618  0.1058  0.000
     17  0.608  30.800  0.1816  0.002
     19  0.663   0.000  0.0000  0.000
     20  0.378  80.789  0.2871  0.005
     21  2.406  82.482  0.3790  0.026
     22  0.659   9.983  0.3455  0.000
     23  0.454   0.000  0.0000  0.000
     24  0.366  11.659  0.1738  0.000
     25  0.765   7.659  0.0555  0.000
     26  0.475   3.167  0.0000  0.000
     27  2.000  52.710  0.3363  0.010
     28  0.973   6.673  0.1540  0.000
     29  0.556  11.338  0.2940  0.000
     30  1.998  34.821  0.1767  0.008
     31  1.126   4.754  0.2117  0.000
     32  0.514   8.333  0.1270  0.000
     34  0.746  36.340  0.3508  0.002
     35  0.409   7.541  0.0661  0.000
     36  1.631 118.477  0.1448  0.095
     37  2.777  16.195  0.1361  0.003
     38  0.431   7.578  0.1997  0.000
     39  0.913   0.000  0.0000  0.000
     40  1.788 275.015  0.1938  0.420
     41  0.948  16.216  0.3150  0.000
     42  0.578   3.682  0.0000  0.000
     43  1.382  36.698  0.2310  0.005
     44  0.464   0.000  0.0000  0.000
     45  1.118  29.374  0.1224  0.005
     46  1.425  54.579  0.2149  0.012
     47  2.071  32.076  0.1569  0.008
     48  1.194   2.500  0.0000  0.000
     49  1.404   5.662  0.0000  0.001
     50  1.709   7.526  0.3603  0.000
     51  2.013  14.594  0.3391  0.001
     52  0.941  40.334  0.2270  0.004
     53  0.960  10.692  0.5180  0.000
     55  1.647  44.365  0.2917  0.007
     56  0.460   6.585  0.1772  0.000
     57  1.639  10.866  0.0714  0.002
     58  1.001  13.816  0.2964  0.000
     59  1.499  11.495  0.0190  0.005
     60  0.947  20.609  0.3206  0.001
     61  0.889   4.472  0.0000  0.000
     62  1.476  35.159  0.1352  0.008
     63  0.336  17.964  0.3247  0.000
     65  2.265  22.166  0.5937  0.001
     66  1.197   5.198  0.0875  0.000
     67  0.530   6.075  0.0557  0.000
     68  0.000   0.000  0.0000  0.000
     69  1.216   4.000  0.0000  0.001
     70  0.939   5.306  0.1711  0.000
     71  1.321   0.000  0.0000  0.000
     72  1.622  50.028  0.2784  0.009
     73  0.228   2.835  0.0000  0.000
     74  0.887  14.196  0.1714  0.001
     75  0.667  23.608  0.1786  0.001
     76  1.485  12.798  0.1075  0.001
     78  0.636  20.065  0.1127  0.001
     80  2.865  30.704  0.1386  0.012
     81  0.610   3.606  0.0000  0.000
     82  0.572   8.243  0.2660  0.000
     83  1.136  11.140  0.0752  0.001
     84  0.321   6.418  0.0642  0.000
     85  0.488  13.499  0.1594  0.000
     86  1.082   6.779  0.0226  0.001
Image C=82,I=52
The max ELI is 82367896.000000
   Line   grad    leng    kurv    eli
      1  2.079 525.429  0.2877  1.000
      2  0.995   0.000  0.0000  0.000
      3  0.836  41.289  0.3316  0.002
      4  1.122  23.563  0.3157  0.001
      5  1.224  24.004  0.4177  0.001
      6  1.915  36.610  0.4540  0.003
      7  1.517  36.265  0.4535  0.002
      8  0.865  19.282  0.2216  0.001
     11  0.784  14.527  0.4017  0.000
     13  0.978  51.350  0.3124  0.004
     14  0.652  33.426  0.2627  0.001
     15  1.422   0.000  0.0000  0.000
     16  0.855   3.073  0.0000  0.000
     17  0.810   4.070  0.0000  0.000
     18  0.477   2.236  0.0000  0.000
     19  0.824  11.843  0.2180  0.000
     20  1.064   6.579  0.2617  0.000
     21  1.033   7.367  0.2615  0.000
     22  1.089  14.933  0.5163  0.000
     23  0.775  15.287  0.3645  0.000
     24  0.941   8.057  0.1902  0.000
     25  0.890   4.611  0.2117  0.000
     26  1.216  76.329  0.3082  0.012
     27  0.695  11.367  0.1231  0.000
     30  0.793   7.816  0.0716  0.000
     31  1.035  14.140  0.1466  0.001
     32  1.396  37.992  0.1439  0.007
     33  0.934   4.740  0.4079  0.000
     34  0.712   9.435  0.2870  0.000
     35  1.076   3.000  0.0000  0.000
     37  1.259  15.888  0.3523  0.000
     38  1.273  91.557  0.3887  0.014
     39  1.660  11.398  0.3391  0.000
     40  1.354   6.870  0.3096  0.000
     41  1.420   3.021  0.0000  0.000
     43  1.000  18.807  0.6067  0.000
     44  1.059  13.990  0.1734  0.001
     46  0.559   0.000  0.0000  0.000
     48  1.073  15.289  0.5280  0.000
     49  1.047   0.000  0.0000  0.000
     50  0.528   0.000  0.0000  0.000
     51  1.027   6.521  0.0533  0.000
     52  1.056  11.229  0.2061  0.000
     56  0.736  21.755  0.5158  0.000
     57  0.955  12.045  0.1838  0.000
     59  0.748   0.000  0.0000  0.000
     60  1.082   4.346  0.0000  0.000
     61  1.515  39.087  0.3524  0.003
     62  0.826   0.000  0.0000  0.000
     63  0.983   6.328  0.0569  0.000
     64  1.364   8.042  0.1268  0.000
     65  0.562   2.000  0.0000  0.000
     66  1.238   3.905  0.0000  0.000
     67  0.818   0.000  0.0000  0.000
     68  0.904   0.000  0.0000  0.000
     69  0.905   3.905  0.0000  0.000
Image C=1,I=115
The max ELI is 199176432.000000
   Line   grad    leng    kurv    eli
      1  1.886 432.704  0.1213  1.000
      2  1.728  70.896  0.2645  0.011
      3  0.799   6.375  0.2376  0.000
      4  1.535  22.454  0.4253  0.001
      5  1.351   7.687  0.3592  0.000
      6  1.614   2.894  0.0000  0.000
      7  1.534  45.272  0.2308  0.005
      8  1.629  56.382  0.2249  0.008
      9  1.169 194.866  0.1680  0.091
     10  0.763  78.192  0.2645  0.006
     12  1.004  37.658  0.4363  0.001
     13  1.439  34.739  0.2226  0.003
     14  1.428   5.161  0.2035  0.000
     15  0.779  75.778  0.3849  0.004
     17  0.788  25.613  0.4829  0.000
     18  1.009  14.730  0.2344  0.000
     20  0.362   0.000  0.0000  0.000
     21  1.833  75.067  0.1523  0.023
     22  0.666  15.016  0.1422  0.000
     23  1.000  95.509  0.3763  0.008
     24  0.760  10.578  0.2146  0.000
     25  0.589   9.798  0.1527  0.000
     26  0.603  31.752  0.2338  0.001
     27  1.122  42.154  0.2017  0.003
     28  0.778   6.633  0.0996  0.000
     31  1.035  66.880  0.2053  0.008
     32  0.733  49.062  0.4444  0.001
     36  1.021  27.486  0.3158  0.001
     37  1.249 134.138  0.3803  0.020
     38  0.995  15.954  0.1548  0.001
     39  0.508  41.229  0.3931  0.001
     40  0.540   7.196  0.2088  0.000
     42  0.896  17.483  0.1722  0.001
     43  1.188   6.727  0.1054  0.000
     44  0.347   9.505  0.1247  0.000
     45  0.657   8.558  0.2697  0.000
     48  2.154  56.592  0.3542  0.007
     49  0.561   9.557  0.0388  0.000
     50  0.425   3.622  0.0000  0.000
     52  1.886  58.757  0.2050  0.011
     53  2.199  57.293  0.2439  0.010
     54  1.989  48.952  0.3090  0.005
     55  0.433  23.609  0.1132  0.001
     56  0.632   5.012  0.0991  0.000
     57  0.783   0.000  0.0000  0.000
     58  0.555  10.956  0.2158  0.000
     59  0.672   3.804  0.0000  0.000
     60  0.643   0.000  0.0000  0.000
     61  2.057  34.633  0.3652  0.002
     62  0.521   0.000  0.0000  0.000
     63  1.240  23.119  0.5147  0.000
     64  1.328 115.454  0.3531  0.017
     65  0.414   0.000  0.0000  0.000
     67  1.198  27.285  0.2065  0.001
     68  0.763   4.000  0.0000  0.000
     69  1.023   4.750  0.0000  0.000
     70  1.404   3.500  0.0000  0.000
     71  0.824   4.164  0.2856  0.000
     72  1.429  13.035  0.1758  0.000
     73  1.164   0.000  0.0000  0.000
     74  0.542   2.693  0.0000  0.000
     75  0.450   6.328  0.0000  0.000
     76  0.528   3.590  0.0000  0.000
     77  0.566   3.543  0.0000  0.000
     78  1.614   4.039  0.0000  0.000
     79  1.270  10.500  0.0000  0.000
     81  1.432   2.236  0.0000  0.000
Image C=49,I=15
The max ELI is 13060248.000000
   Line   grad    leng    kurv    eli
      1  2.726  41.437  0.1334  0.117
      2  1.076  72.809  0.3007  0.063
      3  1.407 140.078  0.3120  0.294
      4  0.830  28.584  0.1239  0.018
      5  0.817  30.146  0.3001  0.008
      6  0.756  27.121  0.2499  0.007
      7  1.044  13.300  0.4663  0.001
      8  1.729   0.000  0.0000  0.000
      9  0.688  24.415  0.4351  0.003
     10  1.418 219.671  0.2276  1.000
     12  0.884  27.378  0.2974  0.007
     13  1.543 147.191  0.2859  0.389
     14  1.061   0.000  0.0000  0.000
     16  1.724   7.095  0.1547  0.002
     17  0.829  54.777  0.3107  0.027
     19  0.509   2.838  0.0000  0.000
     21  0.554   3.300  0.0000  0.000
     22  1.321  53.069  0.3241  0.038
     23  1.767   6.179  0.2126  0.001
     24  0.295   5.074  0.2651  0.000
     25  1.509  11.451  0.1146  0.006
     26  0.650  10.298  0.1605  0.001
     27  0.579  37.509  0.3687  0.007
     28  1.523  12.420  0.1258  0.006
     29  0.992   2.587  0.0000  0.000
     30  1.450  20.091  0.3940  0.005
     31  0.658   3.691  0.0000  0.001
     32  1.082  13.354  0.1503  0.004
     33  0.742  11.217  0.3741  0.001
     34  1.941  18.286  0.0743  0.029
     35  1.000   6.347  0.1683  0.001
     36  0.532   0.000  0.0000  0.000
     39  1.503  11.615  0.2828  0.002
     40  1.880  45.751  0.2554  0.051
     41  1.328   8.693  0.2601  0.001
     43  1.805   4.579  0.2182  0.001
     44  1.150   5.000  0.0000  0.000
     45  0.538  10.295  0.2452  0.001
     46  1.661   2.911  0.0000  0.001
     47  0.813   3.162  0.0000  0.001
     48  0.906   1.250  0.0000  0.000
     49  0.705   6.659  0.1112  0.001
     50  1.067   0.000  0.0000  0.000
     52  1.462  72.317  0.2517  0.101
     53  0.696  14.969  0.3143  0.002
     54  1.572  25.885  0.4736  0.007
     55  0.680  18.797  0.2845  0.003
     57  1.383   5.983  0.1377  0.001
     58  0.780   5.840  0.1060  0.001
     59  0.792  25.366  0.1789  0.009
     60  1.163  14.078  0.2810  0.003
     61  0.579   2.693  0.0000  0.000
     62  0.928  10.063  0.4143  0.001
     63  1.148  13.331  0.1806  0.004
     65  1.227   4.930  0.0000  0.002
     66  1.422  42.327  0.2167  0.039
     67  1.604   6.037  0.2837  0.001
     68  1.225   7.338  0.0456  0.005
     69  0.703  14.306  0.1350  0.004
     70  0.649   7.812  0.1806  0.001
     71  0.790  14.193  0.3428  0.002
     72  0.544   3.905  0.0000  0.001
     73  0.800   0.000  0.0000  0.000
     74  0.512   4.847  0.1587  0.000
     75  0.914   3.162  0.0000  0.001
Image C=76,I=48
The max ELI is 4408631.500000
   Line   grad    leng    kurv    eli
      1  1.601  76.636  0.1779  0.445
      2  0.486  13.641  0.1907  0.004
      3  1.017  87.802  0.3044  0.217
      4  0.502  71.921  0.2661  0.082
      5  0.712  11.193  0.0000  0.026
      6  0.470  11.507  0.1764  0.003
      7  1.709  73.291  0.3154  0.245
      8  1.432  20.976  0.3886  0.014
      9  1.222  73.406  0.2606  0.213
     10  0.684   9.174  0.2753  0.002
     11  0.723  12.504  0.1503  0.006
     13  1.712   3.509  0.0000  0.006
     14  2.196  17.487  0.1878  0.030
     15  1.194 111.930  0.2727  0.462
     16  0.667  27.304  0.2109  0.020
     17  1.505  22.210  0.3893  0.016
     18  0.704  33.432  0.4846  0.014
     19  0.761   0.000  0.0000  0.000
     20  1.093  46.579  0.4240  0.047
     21  0.950  18.076  0.2983  0.009
     23  0.843   2.305  0.0000  0.001
     24  2.193  50.898  0.2976  0.161
     26  0.967  25.331  0.0838  0.062
     27  1.288   2.759  0.0000  0.003
     28  0.609   0.000  0.0000  0.000
     29  0.921  17.934  0.1301  0.019
     30  0.767  36.593  0.2302  0.038
     31  1.013  16.931  0.4250  0.006
     32  1.698 134.657  0.2593  1.000
     33  1.450  53.820  0.3479  0.102
     34  1.613  85.494  0.2110  0.471
     35  1.302  91.517  0.2124  0.432
     36  0.652   2.981  0.0000  0.002
     37  3.343   8.725  0.0387  0.055
     38  0.695   6.246  0.1380  0.002
     39  0.647   2.593  0.0000  0.001
     41  1.000   9.645  0.5753  0.001
     42  0.477   7.351  0.1108  0.002
     44  0.494  14.101  0.2832  0.003
     45  2.288  60.082  0.4154  0.167
     46  1.052   4.269  0.0000  0.006
     47  1.330  58.801  0.1310  0.296
     48  0.903   5.536  0.0982  0.002
     49  1.494   3.145  0.0000  0.004
     51  1.915  16.763  0.1190  0.038
     52  2.689   0.000  0.0000  0.000
     54  0.509   8.055  0.7929  0.000
     55  0.948  12.211  0.3060  0.004
     56  2.202   4.814  0.1543  0.003
     57  0.775   6.714  0.2459  0.001
     58  0.629  33.137  0.0904  0.064
     59  0.745   0.000  0.0000  0.000
     60  0.849  18.119  0.3797  0.006
     61  0.176   0.000  0.0000  0.000
     62  0.782  11.261  0.0291  0.029
     63  0.517  16.176  0.2998  0.004
     64  1.072   2.750  0.0000  0.002
     65  1.681  39.291  0.1885  0.116
     66  1.021   1.054  0.0000  0.000
     67  0.479   0.000  0.0000  0.000
     68  1.576  13.785  0.0847  0.030
     69  1.075   0.000  0.0000  0.000
     72  1.881   6.975  0.0000  0.026
